<?xml version="1.0" encoding="UTF-8"?>
<!-- Generated by org.testng.reporters.JUnitXMLReporter -->
<testsuite hostname="HPDB0154" name="Default test" tests="5" failures="0" timestamp="3 Jul 2018 06:44:16 GMT" time="15.383" errors="0">
  <testcase name="TC_01verifyhomepage" time="2.062" classname="ToolsQA.com.bing.TestBing"/>
  <testcase name="TC_02_verify_dropDownBOx" time="0.063" classname="ToolsQA.com.bing.TestBing"/>
  <testcase name="TC_03_verify_dropDownBox2" time="0.028" classname="ToolsQA.com.bing.TestBing"/>
  <testcase name="TC_04_verify_textBox" time="0.024" classname="ToolsQA.com.bing.TestBing"/>
  <testcase name="TC_05_verify_translationBox" time="0.021" classname="ToolsQA.com.bing.TestBing"/>
</testsuite> <!-- Default test -->
